<?xml version="1.0" encoding="UTF-8"?>
<testng-results ignored="0" total="7" passed="6" failed="1" skipped="0">
  <reporter-output>
    <line>
      <![CDATA[>>>> Info: Launching... https://www.saucedemo.com/]]>
    </line>
    <line>
      <![CDATA[>>>> Info: Launching... https://www.saucedemo.com/]]>
    </line>
    <line>
      <![CDATA[>>>> Info: User navigate https://www.saucedemo.com/]]>
    </line>
    <line>
      <![CDATA[>>>> Info: Enter username]]>
    </line>
    <line>
      <![CDATA[>>>> Info: Enter password]]>
    </line>
    <line>
      <![CDATA[>>>> Info: Clicked Login button]]>
    </line>
  </reporter-output>
  <suite started-at="2024-06-22T17:46:34Z" name="Regression" finished-at="2024-06-22T17:47:48Z" duration-ms="74688">
    <groups>
    </groups>
    <test started-at="2024-06-22T17:46:34Z" name="Regression Login" finished-at="2024-06-22T17:47:15Z" duration-ms="41380">
      <class name="saucedemo.LoginPOM">
        <test-method is-config="true" signature="beforeTest()[pri:0, instance:saucedemo.LoginPOM@2f7298b]" started-at="2024-06-22T17:46:34Z" name="beforeTest" finished-at="2024-06-22T17:46:47Z" duration-ms="12849" status="PASS">
          <reporter-output>
          </reporter-output>
        </test-method> <!-- beforeTest -->
        <test-method signature="test001()[pri:0, instance:saucedemo.LoginPOM@2f7298b]" started-at="2024-06-22T17:46:47Z" name="test001" finished-at="2024-06-22T17:47:07Z" duration-ms="20057" status="PASS">
          <reporter-output>
            <line>
              <![CDATA[>>>> Info: Launching... https://www.saucedemo.com/]]>
            </line>
          </reporter-output>
        </test-method> <!-- test001 -->
        <test-method signature="test002()[pri:0, instance:saucedemo.LoginPOM@2f7298b]" started-at="2024-06-22T17:47:07Z" name="test002" finished-at="2024-06-22T17:47:15Z" duration-ms="7871" status="PASS">
          <reporter-output>
            <line>
              <![CDATA[>>>> Info: Launching... https://www.saucedemo.com/]]>
            </line>
          </reporter-output>
        </test-method> <!-- test002 -->
        <test-method is-config="true" signature="afterTest()[pri:0, instance:saucedemo.LoginPOM@2f7298b]" started-at="2024-06-22T17:47:15Z" name="afterTest" finished-at="2024-06-22T17:47:15Z" duration-ms="454" status="PASS">
          <reporter-output>
          </reporter-output>
        </test-method> <!-- afterTest -->
      </class> <!-- saucedemo.LoginPOM -->
    </test> <!-- Regression Login -->
    <test started-at="2024-06-22T17:46:34Z" name="Regression Login - Linear" finished-at="2024-06-22T17:47:48Z" duration-ms="74684">
      <class name="saucedemo.Login">
        <test-method signature="test001()[pri:0, instance:saucedemo.Login@74e52303]" started-at="2024-06-22T17:46:34Z" name="test001" finished-at="2024-06-22T17:47:08Z" duration-ms="34032" status="FAIL">
          <exception class="java.lang.AssertionError">
            <message>
              <![CDATA[Validate users is logged successfully expected [true] but found [false]]]>
            </message>
            <full-stacktrace>
              <![CDATA[java.lang.AssertionError: Validate users is logged successfully expected [true] but found [false]
at org.testng.Assert.fail(Assert.java:96)
at org.testng.Assert.failNotEquals(Assert.java:776)
at org.testng.Assert.assertTrue(Assert.java:44)
at saucedemo.Login.test001(Login.java:60)
at java.base/jdk.internal.reflect.NativeMethodAccessorImpl.invoke0(Native Method)
at java.base/jdk.internal.reflect.NativeMethodAccessorImpl.invoke(NativeMethodAccessorImpl.java:62)
at java.base/jdk.internal.reflect.DelegatingMethodAccessorImpl.invoke(DelegatingMethodAccessorImpl.java:43)
at java.base/java.lang.reflect.Method.invoke(Method.java:566)
at org.testng.internal.MethodInvocationHelper.invokeMethod(MethodInvocationHelper.java:124)
at org.testng.internal.Invoker.invokeMethod(Invoker.java:583)
at org.testng.internal.Invoker.invokeTestMethod(Invoker.java:719)
at org.testng.internal.Invoker.invokeTestMethods(Invoker.java:989)
at org.testng.internal.TestMethodWorker.invokeTestMethods(TestMethodWorker.java:125)
at org.testng.internal.TestMethodWorker.run(TestMethodWorker.java:109)
at org.testng.TestRunner.privateRun(TestRunner.java:648)
at org.testng.TestRunner.run(TestRunner.java:505)
at org.testng.SuiteRunner.runTest(SuiteRunner.java:455)
at org.testng.SuiteRunner.access$000(SuiteRunner.java:40)
at org.testng.SuiteRunner$SuiteWorker.run(SuiteRunner.java:489)
at org.testng.internal.thread.ThreadUtil$1.call(ThreadUtil.java:52)
at java.base/java.util.concurrent.FutureTask.run(FutureTask.java:264)
at java.base/java.util.concurrent.ThreadPoolExecutor.runWorker(ThreadPoolExecutor.java:1128)
at java.base/java.util.concurrent.ThreadPoolExecutor$Worker.run(ThreadPoolExecutor.java:628)
at java.base/java.lang.Thread.run(Thread.java:834)
]]>
            </full-stacktrace>
          </exception> <!-- java.lang.AssertionError -->
          <reporter-output>
          </reporter-output>
        </test-method> <!-- test001 -->
        <test-method signature="test002()[pri:0, instance:saucedemo.Login@74e52303]" started-at="2024-06-22T17:47:08Z" name="test002" finished-at="2024-06-22T17:47:31Z" duration-ms="22791" status="PASS">
          <reporter-output>
            <line>
              <![CDATA[>>>> Info: User navigate https://www.saucedemo.com/]]>
            </line>
            <line>
              <![CDATA[>>>> Info: Enter username]]>
            </line>
            <line>
              <![CDATA[>>>> Info: Enter password]]>
            </line>
            <line>
              <![CDATA[>>>> Info: Clicked Login button]]>
            </line>
          </reporter-output>
        </test-method> <!-- test002 -->
        <test-method signature="test003()[pri:0, instance:saucedemo.Login@74e52303]" started-at="2024-06-22T17:47:31Z" name="test003" finished-at="2024-06-22T17:47:48Z" duration-ms="17625" status="PASS">
          <reporter-output>
          </reporter-output>
        </test-method> <!-- test003 -->
        <test-method signature="test004()[pri:0, instance:saucedemo.Login@74e52303]" started-at="2024-06-22T17:47:48Z" name="test004" finished-at="2024-06-22T17:47:48Z" duration-ms="1" status="PASS">
          <reporter-output>
          </reporter-output>
        </test-method> <!-- test004 -->
        <test-method signature="test005()[pri:0, instance:saucedemo.Login@74e52303]" started-at="2024-06-22T17:47:48Z" name="test005" finished-at="2024-06-22T17:47:48Z" duration-ms="0" status="PASS">
          <reporter-output>
          </reporter-output>
        </test-method> <!-- test005 -->
      </class> <!-- saucedemo.Login -->
    </test> <!-- Regression Login - Linear -->
  </suite> <!-- Regression -->
</testng-results>
